2013-12-24 17:58:41,089 [main] INFO  c.n.h.c.p.n.NettyAsyncHttpProvider - Number of application's worked threads is 16
2013-12-24 17:58:41,222 [main] ERROR o.e.r.i.r.repo.ModelRepositoryIndex - Failed to open search index.
org.apache.lucene.index.IndexNotFoundException: no segments* file found in org.apache.lucene.store.MMapDirectory@D:\Development\Bukkit\Projects\.metadata\.plugins\org.eclipse.recommenders.rcp\index lockFactory=org.apache.lucene.store.NativeFSLockFactory@6b67ef9e: files: []
	at org.apache.lucene.index.SegmentInfos$FindSegmentsFile.run(SegmentInfos.java:712) ~[na:na]
	at org.apache.lucene.index.DirectoryReader.open(DirectoryReader.java:75) ~[na:na]
	at org.apache.lucene.index.IndexReader.open(IndexReader.java:462) ~[na:na]
	at org.apache.lucene.index.IndexReader.open(IndexReader.java:308) ~[na:na]
	at org.eclipse.recommenders.internal.rcp.repo.ModelRepositoryIndex.open(ModelRepositoryIndex.java:64) ~[na:na]
	at org.eclipse.recommenders.internal.rcp.wiring.RecommendersModule$ServicesInitializer.<init>(RecommendersModule.java:377) ~[na:na]
	at sun.reflect.NativeConstructorAccessorImpl.newInstance0(Native Method) ~[na:1.7.0_25]
	at sun.reflect.NativeConstructorAccessorImpl.newInstance(Unknown Source) ~[na:1.7.0_25]
	at sun.reflect.DelegatingConstructorAccessorImpl.newInstance(Unknown Source) ~[na:1.7.0_25]
	at java.lang.reflect.Constructor.newInstance(Unknown Source) ~[na:1.7.0_25]
	at com.google.inject.internal.DefaultConstructionProxyFactory$1.newInstance(DefaultConstructionProxyFactory.java:85) ~[na:na]
	at com.google.inject.internal.ConstructorInjector.construct(ConstructorInjector.java:85) ~[na:na]
	at com.google.inject.internal.ConstructorBindingImpl$Factory.get(ConstructorBindingImpl.java:254) ~[na:na]
	at com.google.inject.internal.ProviderToInternalFactoryAdapter$1.call(ProviderToInternalFactoryAdapter.java:46) ~[na:na]
	at com.google.inject.internal.InjectorImpl.callInContext(InjectorImpl.java:1031) ~[na:na]
	at com.google.inject.internal.ProviderToInternalFactoryAdapter.get(ProviderToInternalFactoryAdapter.java:40) ~[na:na]
	at com.google.inject.Scopes$1$1.get(Scopes.java:65) ~[na:na]
	at com.google.inject.internal.InternalFactoryToProviderAdapter.get(InternalFactoryToProviderAdapter.java:40) ~[na:na]
	at com.google.inject.internal.InternalInjectorCreator$1.call(InternalInjectorCreator.java:204) ~[na:na]
	at com.google.inject.internal.InternalInjectorCreator$1.call(InternalInjectorCreator.java:198) ~[na:na]
	at com.google.inject.internal.InjectorImpl.callInContext(InjectorImpl.java:1024) ~[na:na]
	at com.google.inject.internal.InternalInjectorCreator.loadEagerSingletons(InternalInjectorCreator.java:198) ~[na:na]
	at com.google.inject.internal.InternalInjectorCreator.injectDynamically(InternalInjectorCreator.java:179) ~[na:na]
	at com.google.inject.internal.InternalInjectorCreator.build(InternalInjectorCreator.java:109) ~[na:na]
	at com.google.inject.Guice.createInjector(Guice.java:95) ~[na:na]
	at com.google.inject.Guice.createInjector(Guice.java:72) ~[na:na]
	at org.eclipse.recommenders.injection.InjectionService.getInjector(InjectionService.java:47) ~[na:na]
	at org.eclipse.recommenders.injection.ExtensionFactory.<init>(ExtensionFactory.java:28) ~[na:na]
	at sun.reflect.NativeConstructorAccessorImpl.newInstance0(Native Method) ~[na:1.7.0_25]
	at sun.reflect.NativeConstructorAccessorImpl.newInstance(Unknown Source) ~[na:1.7.0_25]
	at sun.reflect.DelegatingConstructorAccessorImpl.newInstance(Unknown Source) ~[na:1.7.0_25]
	at java.lang.reflect.Constructor.newInstance(Unknown Source) ~[na:1.7.0_25]
	at java.lang.Class.newInstance(Unknown Source) ~[na:1.7.0_25]
	at org.eclipse.core.internal.registry.osgi.RegistryStrategyOSGI.createExecutableExtension(RegistryStrategyOSGI.java:184) ~[org.eclipse.equinox.registry_3.5.301.v20130717-1549.jar:na]
	at org.eclipse.core.internal.registry.ExtensionRegistry.createExecutableExtension(ExtensionRegistry.java:905) ~[org.eclipse.equinox.registry_3.5.301.v20130717-1549.jar:na]
	at org.eclipse.core.internal.registry.ConfigurationElement.createExecutableExtension(ConfigurationElement.java:243) ~[org.eclipse.equinox.registry_3.5.301.v20130717-1549.jar:na]
	at org.eclipse.core.internal.registry.ConfigurationElementHandle.createExecutableExtension(ConfigurationElementHandle.java:55) ~[org.eclipse.equinox.registry_3.5.301.v20130717-1549.jar:na]
	at org.eclipse.jdt.internal.ui.text.java.CompletionProposalComputerDescriptor.createComputer(CompletionProposalComputerDescriptor.java:308) ~[na:na]
	at org.eclipse.jdt.internal.ui.text.java.CompletionProposalComputerDescriptor.getComputer(CompletionProposalComputerDescriptor.java:275) ~[na:na]
	at org.eclipse.jdt.internal.ui.text.java.CompletionProposalComputerDescriptor.sessionStarted(CompletionProposalComputerDescriptor.java:418) ~[na:na]
	at org.eclipse.jdt.internal.ui.text.java.CompletionProposalCategory.sessionStarted(CompletionProposalCategory.java:384) ~[na:na]
	at org.eclipse.jdt.internal.ui.text.java.ContentAssistProcessor$CompletionListener.assistSessionStarted(ContentAssistProcessor.java:119) ~[na:na]
	at org.eclipse.jface.text.contentassist.ContentAssistant.fireSessionBeginEvent(ContentAssistant.java:2221) ~[na:na]
	at org.eclipse.jface.text.contentassist.ContentAssistant.prepareToShowCompletions(ContentAssistant.java:1696) ~[na:na]
	at org.eclipse.jface.text.contentassist.ContentAssistant.access$6(ContentAssistant.java:1687) ~[na:na]
	at org.eclipse.jface.text.contentassist.ContentAssistant$2.run(ContentAssistant.java:376) ~[na:na]
	at org.eclipse.swt.widgets.RunnableLock.run(RunnableLock.java:35) ~[org.eclipse.swt.win32.win32.x86_64_3.102.1.v20130827-2048.jar:na]
	at org.eclipse.swt.widgets.Synchronizer.runAsyncMessages(Synchronizer.java:135) ~[org.eclipse.swt.win32.win32.x86_64_3.102.1.v20130827-2048.jar:na]
	at org.eclipse.swt.widgets.Display.runAsyncMessages(Display.java:4145) ~[org.eclipse.swt.win32.win32.x86_64_3.102.1.v20130827-2048.jar:na]
	at org.eclipse.swt.widgets.Display.readAndDispatch(Display.java:3762) ~[org.eclipse.swt.win32.win32.x86_64_3.102.1.v20130827-2048.jar:na]
	at org.eclipse.e4.ui.internal.workbench.swt.PartRenderingEngine$9.run(PartRenderingEngine.java:1113) ~[na:na]
	at org.eclipse.core.databinding.observable.Realm.runWithDefault(Realm.java:332) ~[na:na]
	at org.eclipse.e4.ui.internal.workbench.swt.PartRenderingEngine.run(PartRenderingEngine.java:997) ~[na:na]
	at org.eclipse.e4.ui.internal.workbench.E4Workbench.createAndRunUI(E4Workbench.java:138) ~[na:na]
	at org.eclipse.ui.internal.Workbench$5.run(Workbench.java:610) ~[na:na]
	at org.eclipse.core.databinding.observable.Realm.runWithDefault(Realm.java:332) ~[na:na]
	at org.eclipse.ui.internal.Workbench.createAndRunWorkbench(Workbench.java:567) ~[na:na]
	at org.eclipse.ui.PlatformUI.createAndRunWorkbench(PlatformUI.java:150) ~[na:na]
	at org.eclipse.ui.internal.ide.application.IDEApplication.start(IDEApplication.java:124) ~[na:na]
	at org.eclipse.equinox.internal.app.EclipseAppHandle.run(EclipseAppHandle.java:196) ~[org.eclipse.equinox.app_1.3.100.v20130327-1442.jar:na]
	at org.eclipse.core.runtime.internal.adaptor.EclipseAppLauncher.runApplication(EclipseAppLauncher.java:110) ~[org.eclipse.osgi_3.9.1.v20130814-1242.jar:na]
	at org.eclipse.core.runtime.internal.adaptor.EclipseAppLauncher.start(EclipseAppLauncher.java:79) ~[org.eclipse.osgi_3.9.1.v20130814-1242.jar:na]
	at org.eclipse.core.runtime.adaptor.EclipseStarter.run(EclipseStarter.java:354) ~[org.eclipse.osgi_3.9.1.v20130814-1242.jar:na]
	at org.eclipse.core.runtime.adaptor.EclipseStarter.run(EclipseStarter.java:181) ~[org.eclipse.osgi_3.9.1.v20130814-1242.jar:na]
	at sun.reflect.NativeMethodAccessorImpl.invoke0(Native Method) ~[na:1.7.0_25]
	at sun.reflect.NativeMethodAccessorImpl.invoke(Unknown Source) ~[na:1.7.0_25]
	at sun.reflect.DelegatingMethodAccessorImpl.invoke(Unknown Source) ~[na:1.7.0_25]
	at java.lang.reflect.Method.invoke(Unknown Source) ~[na:1.7.0_25]
	at org.eclipse.equinox.launcher.Main.invokeFramework(Main.java:636) ~[org.eclipse.equinox.launcher_1.3.0.v20130327-1440.jar:na]
	at org.eclipse.equinox.launcher.Main.basicRun(Main.java:591) ~[org.eclipse.equinox.launcher_1.3.0.v20130327-1440.jar:na]
	at org.eclipse.equinox.launcher.Main.run(Main.java:1450) ~[org.eclipse.equinox.launcher_1.3.0.v20130327-1440.jar:na]
	at org.eclipse.equinox.launcher.Main.main(Main.java:1426) ~[org.eclipse.equinox.launcher_1.3.0.v20130327-1440.jar:na]
2013-12-24 17:58:41,223 [pool-6-thread-1] INFO  c.n.h.c.p.n.NettyAsyncHttpProvider - Number of application's worked threads is 16
2013-12-24 17:58:43,092 [pool-8-thread-1] INFO  c.n.h.c.p.n.NettyAsyncHttpProvider - Number of application's worked threads is 16
2013-12-24 18:04:05,416 [pool-10-thread-1] INFO  c.n.h.c.p.n.NettyAsyncHttpProvider - Number of application's worked threads is 16
2013-12-24 18:04:06,850 [pool-12-thread-1] INFO  c.n.h.c.p.n.NettyAsyncHttpProvider - Number of application's worked threads is 16
2013-12-24 18:04:07,954 [pool-14-thread-1] INFO  c.n.h.c.p.n.NettyAsyncHttpProvider - Number of application's worked threads is 16
2013-12-24 19:50:58,192 [main] INFO  c.n.h.c.p.n.NettyAsyncHttpProvider - Number of application's worked threads is 16
2013-12-24 21:54:47,211 [main] INFO  c.n.h.c.p.n.NettyAsyncHttpProvider - Number of application's worked threads is 16
2013-12-25 12:13:11,633 [main] INFO  c.n.h.c.p.n.NettyAsyncHttpProvider - Number of application's worked threads is 16
2013-12-25 19:42:13,212 [main] INFO  c.n.h.c.p.n.NettyAsyncHttpProvider - Number of application's worked threads is 16
2013-12-25 19:42:14,302 [Recommenders-Dependency-Info-Service-0] ERROR o.e.r.u.a.ArchiveDetailsExtractor - Error while extracting name and version from file: D:\Development\Bukkit\DL\Bukkit API\TagAPI.jar
java.lang.NumberFormatException: For input string: "vpre"
	at java.lang.NumberFormatException.forInputString(Unknown Source) ~[na:1.7.0_25]
	at java.lang.Integer.parseInt(Unknown Source) ~[na:1.7.0_25]
	at java.lang.Integer.parseInt(Unknown Source) ~[na:1.7.0_25]
	at org.eclipse.recommenders.utils.parser.MavenVersionParser.parseInt(MavenVersionParser.java:68) ~[org.eclipse.recommenders.utils_1.0.5.v20130822-0858-b90.jar:na]
	at org.eclipse.recommenders.utils.parser.MavenVersionParser.parse(MavenVersionParser.java:40) ~[org.eclipse.recommenders.utils_1.0.5.v20130822-0858-b90.jar:na]
	at org.eclipse.recommenders.utils.archive.MavenPomJarIdExtractor.parseVersion(MavenPomJarIdExtractor.java:59) ~[org.eclipse.recommenders.utils_1.0.5.v20130822-0858-b90.jar:na]
	at org.eclipse.recommenders.utils.archive.MavenPomJarIdExtractor.extract(MavenPomJarIdExtractor.java:37) ~[org.eclipse.recommenders.utils_1.0.5.v20130822-0858-b90.jar:na]
	at org.eclipse.recommenders.utils.archive.MavenPomJarIdExtractor.extract(MavenPomJarIdExtractor.java:29) ~[org.eclipse.recommenders.utils_1.0.5.v20130822-0858-b90.jar:na]
	at org.eclipse.recommenders.utils.archive.ArchiveDetailsExtractor.extractJarIds(ArchiveDetailsExtractor.java:64) [org.eclipse.recommenders.utils_1.0.5.v20130822-0858-b90.jar:na]
	at org.eclipse.recommenders.utils.archive.ArchiveDetailsExtractor.extractName(ArchiveDetailsExtractor.java:105) [org.eclipse.recommenders.utils_1.0.5.v20130822-0858-b90.jar:na]
	at org.eclipse.recommenders.internal.rcp.providers.ClasspathEntryInfoProvider$3.run(ClasspathEntryInfoProvider.java:245) ~[na:na]
	at java.util.concurrent.Executors$RunnableAdapter.call(Unknown Source) ~[na:1.7.0_25]
	at java.util.concurrent.FutureTask$Sync.innerRun(Unknown Source) ~[na:1.7.0_25]
	at java.util.concurrent.FutureTask.run(Unknown Source) ~[na:1.7.0_25]
	at java.util.concurrent.ThreadPoolExecutor.runWorker(Unknown Source) ~[na:1.7.0_25]
	at java.util.concurrent.ThreadPoolExecutor$Worker.run(Unknown Source) ~[na:1.7.0_25]
	at java.lang.Thread.run(Unknown Source) ~[na:1.7.0_25]
2013-12-25 21:50:10,832 [main] INFO  c.n.h.c.p.n.NettyAsyncHttpProvider - Number of application's worked threads is 16
2013-12-25 21:50:12,244 [Recommenders-Dependency-Info-Service-0] ERROR o.e.r.u.a.ArchiveDetailsExtractor - Error while extracting name and version from file: D:\Development\Bukkit\DL\Bukkit API\TagAPI.jar
java.lang.NumberFormatException: For input string: "vpre"
	at java.lang.NumberFormatException.forInputString(Unknown Source) ~[na:1.7.0_25]
	at java.lang.Integer.parseInt(Unknown Source) ~[na:1.7.0_25]
	at java.lang.Integer.parseInt(Unknown Source) ~[na:1.7.0_25]
	at org.eclipse.recommenders.utils.parser.MavenVersionParser.parseInt(MavenVersionParser.java:68) ~[org.eclipse.recommenders.utils_1.0.5.v20130822-0858-b90.jar:na]
	at org.eclipse.recommenders.utils.parser.MavenVersionParser.parse(MavenVersionParser.java:40) ~[org.eclipse.recommenders.utils_1.0.5.v20130822-0858-b90.jar:na]
	at org.eclipse.recommenders.utils.archive.MavenPomJarIdExtractor.parseVersion(MavenPomJarIdExtractor.java:59) ~[org.eclipse.recommenders.utils_1.0.5.v20130822-0858-b90.jar:na]
	at org.eclipse.recommenders.utils.archive.MavenPomJarIdExtractor.extract(MavenPomJarIdExtractor.java:37) ~[org.eclipse.recommenders.utils_1.0.5.v20130822-0858-b90.jar:na]
	at org.eclipse.recommenders.utils.archive.MavenPomJarIdExtractor.extract(MavenPomJarIdExtractor.java:29) ~[org.eclipse.recommenders.utils_1.0.5.v20130822-0858-b90.jar:na]
	at org.eclipse.recommenders.utils.archive.ArchiveDetailsExtractor.extractJarIds(ArchiveDetailsExtractor.java:64) [org.eclipse.recommenders.utils_1.0.5.v20130822-0858-b90.jar:na]
	at org.eclipse.recommenders.utils.archive.ArchiveDetailsExtractor.extractName(ArchiveDetailsExtractor.java:105) [org.eclipse.recommenders.utils_1.0.5.v20130822-0858-b90.jar:na]
	at org.eclipse.recommenders.internal.rcp.providers.ClasspathEntryInfoProvider$3.run(ClasspathEntryInfoProvider.java:245) ~[na:na]
	at java.util.concurrent.Executors$RunnableAdapter.call(Unknown Source) ~[na:1.7.0_25]
	at java.util.concurrent.FutureTask$Sync.innerRun(Unknown Source) ~[na:1.7.0_25]
	at java.util.concurrent.FutureTask.run(Unknown Source) ~[na:1.7.0_25]
	at java.util.concurrent.ThreadPoolExecutor.runWorker(Unknown Source) ~[na:1.7.0_25]
	at java.util.concurrent.ThreadPoolExecutor$Worker.run(Unknown Source) ~[na:1.7.0_25]
	at java.lang.Thread.run(Unknown Source) ~[na:1.7.0_25]
2013-12-25 23:18:06,405 [main] INFO  c.n.h.c.p.n.NettyAsyncHttpProvider - Number of application's worked threads is 16
2013-12-25 23:18:07,634 [Recommenders-Dependency-Info-Service-0] ERROR o.e.r.u.a.ArchiveDetailsExtractor - Error while extracting name and version from file: D:\Development\Bukkit\DL\Bukkit API\TagAPI.jar
java.lang.NumberFormatException: For input string: "vpre"
	at java.lang.NumberFormatException.forInputString(Unknown Source) ~[na:1.7.0_25]
	at java.lang.Integer.parseInt(Unknown Source) ~[na:1.7.0_25]
	at java.lang.Integer.parseInt(Unknown Source) ~[na:1.7.0_25]
	at org.eclipse.recommenders.utils.parser.MavenVersionParser.parseInt(MavenVersionParser.java:68) ~[org.eclipse.recommenders.utils_1.0.5.v20130822-0858-b90.jar:na]
	at org.eclipse.recommenders.utils.parser.MavenVersionParser.parse(MavenVersionParser.java:40) ~[org.eclipse.recommenders.utils_1.0.5.v20130822-0858-b90.jar:na]
	at org.eclipse.recommenders.utils.archive.MavenPomJarIdExtractor.parseVersion(MavenPomJarIdExtractor.java:59) ~[org.eclipse.recommenders.utils_1.0.5.v20130822-0858-b90.jar:na]
	at org.eclipse.recommenders.utils.archive.MavenPomJarIdExtractor.extract(MavenPomJarIdExtractor.java:37) ~[org.eclipse.recommenders.utils_1.0.5.v20130822-0858-b90.jar:na]
	at org.eclipse.recommenders.utils.archive.MavenPomJarIdExtractor.extract(MavenPomJarIdExtractor.java:29) ~[org.eclipse.recommenders.utils_1.0.5.v20130822-0858-b90.jar:na]
	at org.eclipse.recommenders.utils.archive.ArchiveDetailsExtractor.extractJarIds(ArchiveDetailsExtractor.java:64) [org.eclipse.recommenders.utils_1.0.5.v20130822-0858-b90.jar:na]
	at org.eclipse.recommenders.utils.archive.ArchiveDetailsExtractor.extractName(ArchiveDetailsExtractor.java:105) [org.eclipse.recommenders.utils_1.0.5.v20130822-0858-b90.jar:na]
	at org.eclipse.recommenders.internal.rcp.providers.ClasspathEntryInfoProvider$3.run(ClasspathEntryInfoProvider.java:245) ~[na:na]
	at java.util.concurrent.Executors$RunnableAdapter.call(Unknown Source) ~[na:1.7.0_25]
	at java.util.concurrent.FutureTask$Sync.innerRun(Unknown Source) ~[na:1.7.0_25]
	at java.util.concurrent.FutureTask.run(Unknown Source) ~[na:1.7.0_25]
	at java.util.concurrent.ThreadPoolExecutor.runWorker(Unknown Source) ~[na:1.7.0_25]
	at java.util.concurrent.ThreadPoolExecutor$Worker.run(Unknown Source) ~[na:1.7.0_25]
	at java.lang.Thread.run(Unknown Source) ~[na:1.7.0_25]
2013-12-26 11:52:28,857 [main] INFO  c.n.h.c.p.n.NettyAsyncHttpProvider - Number of application's worked threads is 16
2013-12-28 13:16:27,686 [main] INFO  c.n.h.c.p.n.NettyAsyncHttpProvider - Number of application's worked threads is 16
2013-12-28 13:16:28,932 [Recommenders-Dependency-Info-Service-0] ERROR o.e.r.u.a.ArchiveDetailsExtractor - Error while extracting name and version from file: D:\Development\Bukkit\DL\Bukkit API\WorldEdit.jar
java.lang.NumberFormatException: For input string: "4a"
	at java.lang.NumberFormatException.forInputString(Unknown Source) ~[na:1.7.0_25]
	at java.lang.Integer.parseInt(Unknown Source) ~[na:1.7.0_25]
	at java.lang.Integer.parseInt(Unknown Source) ~[na:1.7.0_25]
	at org.eclipse.recommenders.utils.parser.MavenVersionParser.parseInt(MavenVersionParser.java:68) ~[org.eclipse.recommenders.utils_1.0.5.v20130822-0858-b90.jar:na]
	at org.eclipse.recommenders.utils.parser.MavenVersionParser.parse(MavenVersionParser.java:46) ~[org.eclipse.recommenders.utils_1.0.5.v20130822-0858-b90.jar:na]
	at org.eclipse.recommenders.utils.archive.MavenPomJarIdExtractor.parseVersion(MavenPomJarIdExtractor.java:59) ~[org.eclipse.recommenders.utils_1.0.5.v20130822-0858-b90.jar:na]
	at org.eclipse.recommenders.utils.archive.MavenPomJarIdExtractor.extract(MavenPomJarIdExtractor.java:37) ~[org.eclipse.recommenders.utils_1.0.5.v20130822-0858-b90.jar:na]
	at org.eclipse.recommenders.utils.archive.MavenPomJarIdExtractor.extract(MavenPomJarIdExtractor.java:29) ~[org.eclipse.recommenders.utils_1.0.5.v20130822-0858-b90.jar:na]
	at org.eclipse.recommenders.utils.archive.ArchiveDetailsExtractor.extractJarIds(ArchiveDetailsExtractor.java:64) [org.eclipse.recommenders.utils_1.0.5.v20130822-0858-b90.jar:na]
	at org.eclipse.recommenders.utils.archive.ArchiveDetailsExtractor.extractName(ArchiveDetailsExtractor.java:105) [org.eclipse.recommenders.utils_1.0.5.v20130822-0858-b90.jar:na]
	at org.eclipse.recommenders.internal.rcp.providers.ClasspathEntryInfoProvider$3.run(ClasspathEntryInfoProvider.java:245) ~[na:na]
	at java.util.concurrent.Executors$RunnableAdapter.call(Unknown Source) ~[na:1.7.0_25]
	at java.util.concurrent.FutureTask$Sync.innerRun(Unknown Source) ~[na:1.7.0_25]
	at java.util.concurrent.FutureTask.run(Unknown Source) ~[na:1.7.0_25]
	at java.util.concurrent.ThreadPoolExecutor.runWorker(Unknown Source) ~[na:1.7.0_25]
	at java.util.concurrent.ThreadPoolExecutor$Worker.run(Unknown Source) ~[na:1.7.0_25]
	at java.lang.Thread.run(Unknown Source) ~[na:1.7.0_25]
2013-12-28 16:06:18,489 [main] INFO  c.n.h.c.p.n.NettyAsyncHttpProvider - Number of application's worked threads is 16
2013-12-28 22:53:06,511 [main] INFO  c.n.h.c.p.n.NettyAsyncHttpProvider - Number of application's worked threads is 16
2013-12-28 23:28:11,250 [main] INFO  c.n.h.c.p.n.NettyAsyncHttpProvider - Number of application's worked threads is 16
2013-12-29 11:43:16,907 [main] INFO  c.n.h.c.p.n.NettyAsyncHttpProvider - Number of application's worked threads is 16
2013-12-29 15:35:43,132 [main] INFO  c.n.h.c.p.n.NettyAsyncHttpProvider - Number of application's worked threads is 16
2013-12-29 20:18:28,848 [main] INFO  c.n.h.c.p.n.NettyAsyncHttpProvider - Number of application's worked threads is 16
2013-12-30 11:33:20,911 [main] INFO  c.n.h.c.p.n.NettyAsyncHttpProvider - Number of application's worked threads is 16
2013-12-31 10:51:38,220 [main] INFO  c.n.h.c.p.n.NettyAsyncHttpProvider - Number of application's worked threads is 16
2013-12-31 11:04:12,548 [Worker-9] INFO  o.e.m.c.i.i.nexus.NexusIndexManager - Updating index for repository: central|http://repo.maven.apache.org/maven2
2013-12-31 11:04:12,625 [Worker-9] INFO  c.n.h.c.p.n.NettyAsyncHttpProvider - Number of application's worked threads is 16
2013-12-31 11:07:28,312 [Worker-9] INFO  o.e.m.c.i.i.nexus.NexusIndexManager - Updated index for repository: central|http://repo.maven.apache.org/maven2 in 195763 ms
2013-12-31 11:18:24,272 [main] INFO  c.n.h.c.p.n.NettyAsyncHttpProvider - Number of application's worked threads is 16
2013-12-31 11:25:21,903 [main] INFO  c.n.h.c.p.n.NettyAsyncHttpProvider - Number of application's worked threads is 16
2013-12-31 15:27:54,969 [main] INFO  c.n.h.c.p.n.NettyAsyncHttpProvider - Number of application's worked threads is 16
2013-12-31 15:45:30,529 [main] INFO  c.n.h.c.p.n.NettyAsyncHttpProvider - Number of application's worked threads is 16
2013-12-31 16:10:58,627 [main] INFO  c.n.h.c.p.n.NettyAsyncHttpProvider - Number of application's worked threads is 16
2013-12-31 18:09:35,754 [main] INFO  c.n.h.c.p.n.NettyAsyncHttpProvider - Number of application's worked threads is 16
2013-12-31 18:35:18,776 [main] INFO  c.n.h.c.p.n.NettyAsyncHttpProvider - Number of application's worked threads is 16
2014-01-06 09:17:52,996 [main] INFO  c.n.h.c.p.n.NettyAsyncHttpProvider - Number of application's worked threads is 16
2014-01-07 14:32:07,787 [main] INFO  c.n.h.c.p.n.NettyAsyncHttpProvider - Number of application's worked threads is 16
2014-01-08 14:03:02,132 [main] INFO  c.n.h.c.p.n.NettyAsyncHttpProvider - Number of application's worked threads is 16
2014-01-08 14:03:03,380 [Recommenders-Dependency-Info-Service-0] ERROR o.e.r.u.a.ArchiveDetailsExtractor - Error while extracting name and version from file: D:\Development\Bukkit\DL\Bukkit API\TagAPI-2.7.1.jar
java.lang.NumberFormatException: For input string: "vpre"
	at java.lang.NumberFormatException.forInputString(Unknown Source) ~[na:1.7.0_25]
	at java.lang.Integer.parseInt(Unknown Source) ~[na:1.7.0_25]
	at java.lang.Integer.parseInt(Unknown Source) ~[na:1.7.0_25]
	at org.eclipse.recommenders.utils.parser.MavenVersionParser.parseInt(MavenVersionParser.java:68) ~[org.eclipse.recommenders.utils_1.0.5.v20130822-0858-b90.jar:na]
	at org.eclipse.recommenders.utils.parser.MavenVersionParser.parse(MavenVersionParser.java:40) ~[org.eclipse.recommenders.utils_1.0.5.v20130822-0858-b90.jar:na]
	at org.eclipse.recommenders.utils.archive.MavenPomJarIdExtractor.parseVersion(MavenPomJarIdExtractor.java:59) ~[org.eclipse.recommenders.utils_1.0.5.v20130822-0858-b90.jar:na]
	at org.eclipse.recommenders.utils.archive.MavenPomJarIdExtractor.extract(MavenPomJarIdExtractor.java:37) ~[org.eclipse.recommenders.utils_1.0.5.v20130822-0858-b90.jar:na]
	at org.eclipse.recommenders.utils.archive.MavenPomJarIdExtractor.extract(MavenPomJarIdExtractor.java:29) ~[org.eclipse.recommenders.utils_1.0.5.v20130822-0858-b90.jar:na]
	at org.eclipse.recommenders.utils.archive.ArchiveDetailsExtractor.extractJarIds(ArchiveDetailsExtractor.java:64) [org.eclipse.recommenders.utils_1.0.5.v20130822-0858-b90.jar:na]
	at org.eclipse.recommenders.utils.archive.ArchiveDetailsExtractor.extractName(ArchiveDetailsExtractor.java:105) [org.eclipse.recommenders.utils_1.0.5.v20130822-0858-b90.jar:na]
	at org.eclipse.recommenders.internal.rcp.providers.ClasspathEntryInfoProvider$3.run(ClasspathEntryInfoProvider.java:245) ~[na:na]
	at java.util.concurrent.Executors$RunnableAdapter.call(Unknown Source) ~[na:1.7.0_25]
	at java.util.concurrent.FutureTask$Sync.innerRun(Unknown Source) ~[na:1.7.0_25]
	at java.util.concurrent.FutureTask.run(Unknown Source) ~[na:1.7.0_25]
	at java.util.concurrent.ThreadPoolExecutor.runWorker(Unknown Source) ~[na:1.7.0_25]
	at java.util.concurrent.ThreadPoolExecutor$Worker.run(Unknown Source) ~[na:1.7.0_25]
	at java.lang.Thread.run(Unknown Source) ~[na:1.7.0_25]
2014-01-13 12:01:12,977 [main] INFO  c.n.h.c.p.n.NettyAsyncHttpProvider - Number of application's worked threads is 16
2014-01-13 19:50:06,330 [main] INFO  c.n.h.c.p.n.NettyAsyncHttpProvider - Number of application's worked threads is 16
2014-01-14 09:50:13,059 [main] INFO  c.n.h.c.p.n.NettyAsyncHttpProvider - Number of application's worked threads is 16
2014-01-14 13:46:24,496 [main] INFO  c.n.h.c.p.n.NettyAsyncHttpProvider - Number of application's worked threads is 16
2014-01-17 20:22:05,285 [main] INFO  c.n.h.c.p.n.NettyAsyncHttpProvider - Number of application's worked threads is 16
2014-01-18 11:28:49,015 [main] INFO  c.n.h.c.p.n.NettyAsyncHttpProvider - Number of application's worked threads is 16
2014-01-23 15:15:25,396 [main] INFO  c.n.h.c.p.n.NettyAsyncHttpProvider - Number of application's worked threads is 16
2014-01-23 19:44:12,262 [main] INFO  c.n.h.c.p.n.NettyAsyncHttpProvider - Number of application's worked threads is 16
2014-02-07 10:51:54,937 [main] INFO  c.n.h.c.p.n.NettyAsyncHttpProvider - Number of application's worked threads is 16
2014-02-09 17:47:51,732 [main] INFO  c.n.h.c.p.n.NettyAsyncHttpProvider - Number of application's worked threads is 16
2014-02-10 17:55:39,785 [main] INFO  c.n.h.c.p.n.NettyAsyncHttpProvider - Number of application's worked threads is 16
2014-02-26 18:56:57,348 [main] INFO  c.n.h.c.p.n.NettyAsyncHttpProvider - Number of application's worked threads is 16
2014-02-27 15:57:47,521 [main] INFO  c.n.h.c.p.n.NettyAsyncHttpProvider - Number of application's worked threads is 16
2014-02-28 22:26:05,743 [main] INFO  c.n.h.c.p.n.NettyAsyncHttpProvider - Number of application's worked threads is 16
2014-02-28 22:26:08,166 [Worker-1] WARN  o.e.r.i.rcp.repo.ModelRepository - 'remote-models (http://download.eclipse.org/recommenders/models/kepler/, releases+snapshots)' did not send ETAG header for 'org.eclipse.recommenders:index:zip:0.0.0'.
2014-02-28 22:26:09,107 [pool-6-thread-1] INFO  c.n.h.c.p.n.NettyAsyncHttpProvider - Number of application's worked threads is 16
2014-02-28 22:26:09,254 [Worker-1] WARN  o.e.r.i.rcp.repo.ModelRepository - 'remote-models (http://download.eclipse.org/recommenders/models/kepler/, releases+snapshots)' did not send ETAG header for 'org.eclipse.recommenders:index:zip:0.0.0'.
2014-02-28 22:26:09,597 [Worker-1] WARN  o.e.r.i.r.repo.UpdateModelIndexJob - Updating index cancelled.
org.sonatype.aether.resolution.DependencyResolutionException: Could not transfer artifact org.eclipse.recommenders:index:zip:0.0.0 from/to remote-models (http://download.eclipse.org/recommenders/models/kepler/): Error transferring file: null to http://download.eclipse.org/recommenders/models/kepler/org/eclipse/recommenders/index/0.0.0/index-0.0.0.zip
	at org.sonatype.aether.impl.internal.DefaultRepositorySystem.resolveDependencies(DefaultRepositorySystem.java:375) ~[na:na]
	at org.eclipse.recommenders.internal.rcp.repo.ModelRepository.resolve(ModelRepository.java:226) ~[na:na]
	at org.eclipse.recommenders.internal.rcp.repo.UpdateModelIndexJob.downloadAndUnzipIndex(UpdateModelIndexJob.java:70) ~[na:na]
	at org.eclipse.recommenders.internal.rcp.repo.UpdateModelIndexJob.run(UpdateModelIndexJob.java:51) ~[na:na]
	at org.eclipse.core.internal.jobs.Worker.run(Worker.java:53) [org.eclipse.core.jobs_3.5.300.v20130429-1813.jar:na]
Caused by: org.sonatype.aether.resolution.ArtifactResolutionException: Could not transfer artifact org.eclipse.recommenders:index:zip:0.0.0 from/to remote-models (http://download.eclipse.org/recommenders/models/kepler/): Error transferring file: null to http://download.eclipse.org/recommenders/models/kepler/org/eclipse/recommenders/index/0.0.0/index-0.0.0.zip
	at org.sonatype.aether.impl.internal.DefaultArtifactResolver.resolve(DefaultArtifactResolver.java:538) ~[na:na]
	at org.sonatype.aether.impl.internal.DefaultArtifactResolver.resolveArtifacts(DefaultArtifactResolver.java:216) ~[na:na]
	at org.sonatype.aether.impl.internal.DefaultRepositorySystem.resolveDependencies(DefaultRepositorySystem.java:358) ~[na:na]
	... 4 common frames omitted
org.sonatype.aether.transfer.ArtifactTransferException: Could not transfer artifact org.eclipse.recommenders:index:zip:0.0.0 from/to remote-models (http://download.eclipse.org/recommenders/models/kepler/): Error transferring file: null to http://download.eclipse.org/recommenders/models/kepler/org/eclipse/recommenders/index/0.0.0/index-0.0.0.zip
	at org.sonatype.aether.connector.wagon.WagonRepositoryConnector$4.wrap(WagonRepositoryConnector.java:951) ~[na:na]
	at org.sonatype.aether.connector.wagon.WagonRepositoryConnector$4.wrap(WagonRepositoryConnector.java:941) ~[na:na]
	at org.sonatype.aether.connector.wagon.WagonRepositoryConnector$GetTask.run(WagonRepositoryConnector.java:669) ~[na:na]
	at org.sonatype.aether.util.concurrency.RunnableErrorForwarder$1.run(RunnableErrorForwarder.java:60) ~[na:na]
	at java.util.concurrent.ThreadPoolExecutor.runWorker(Unknown Source) ~[na:1.7.0_51]
	at java.util.concurrent.ThreadPoolExecutor$Worker.run(Unknown Source) ~[na:1.7.0_51]
	at java.lang.Thread.run(Unknown Source) ~[na:1.7.0_51]
Caused by: org.apache.maven.wagon.TransferFailedException: Error transferring file: null to http://download.eclipse.org/recommenders/models/kepler/org/eclipse/recommenders/index/0.0.0/index-0.0.0.zip
	at org.sonatype.maven.wagon.AhcWagon.fillInputData(AhcWagon.java:301) ~[na:na]
	at org.apache.maven.wagon.StreamWagon.getInputStream(StreamWagon.java:116) ~[na:na]
	at org.apache.maven.wagon.StreamWagon.getIfNewer(StreamWagon.java:88) ~[na:na]
	at org.apache.maven.wagon.StreamWagon.get(StreamWagon.java:61) ~[na:na]
	at org.sonatype.aether.connector.wagon.WagonRepositoryConnector$GetTask.run(WagonRepositoryConnector.java:601) ~[na:na]
	... 4 common frames omitted
Caused by: java.io.IOException: null to http://download.eclipse.org/recommenders/models/kepler/org/eclipse/recommenders/index/0.0.0/index-0.0.0.zip
	at org.sonatype.maven.wagon.AhcWagon.fillInputData(AhcWagon.java:270) ~[na:na]
	... 8 common frames omitted
Caused by: java.net.ConnectException: null to http://download.eclipse.org/recommenders/models/kepler/org/eclipse/recommenders/index/0.0.0/index-0.0.0.zip
	at com.ning.http.client.providers.netty.NettyConnectListener.operationComplete(NettyConnectListener.java:95) ~[na:na]
	at org.jboss.netty.channel.DefaultChannelFuture.notifyListener(DefaultChannelFuture.java:381) ~[na:na]
	at org.jboss.netty.channel.DefaultChannelFuture.addListener(DefaultChannelFuture.java:148) ~[na:na]
	at com.ning.http.client.providers.netty.NettyAsyncHttpProvider.doConnect(NettyAsyncHttpProvider.java:945) ~[na:na]
	at com.ning.http.client.providers.netty.NettyAsyncHttpProvider.execute(NettyAsyncHttpProvider.java:776) ~[na:na]
	at com.ning.http.client.AsyncHttpClient.executeRequest(AsyncHttpClient.java:484) ~[na:na]
	at com.ning.http.client.AsyncHttpClient$BoundRequestBuilder.execute(AsyncHttpClient.java:227) ~[na:na]
	at org.sonatype.maven.wagon.AhcWagon.fillInputData(AhcWagon.java:264) ~[na:na]
	... 8 common frames omitted
Caused by: java.nio.channels.UnresolvedAddressException: null
	at sun.nio.ch.Net.checkAddress(Unknown Source) ~[na:1.7.0_51]
	at sun.nio.ch.SocketChannelImpl.connect(Unknown Source) ~[na:1.7.0_51]
	at org.jboss.netty.channel.socket.nio.NioClientSocketPipelineSink.connect(NioClientSocketPipelineSink.java:140) ~[na:na]
	at org.jboss.netty.channel.socket.nio.NioClientSocketPipelineSink.eventSunk(NioClientSocketPipelineSink.java:103) ~[na:na]
	at org.jboss.netty.handler.codec.oneone.OneToOneEncoder.handleDownstream(OneToOneEncoder.java:60) ~[na:na]
	at org.jboss.netty.handler.codec.http.HttpClientCodec.handleDownstream(HttpClientCodec.java:82) ~[na:na]
	at org.jboss.netty.handler.stream.ChunkedWriteHandler.handleDownstream(ChunkedWriteHandler.java:115) ~[na:na]
	at org.jboss.netty.channel.Channels.connect(Channels.java:541) ~[na:na]
	at org.jboss.netty.channel.AbstractChannel.connect(AbstractChannel.java:210) ~[na:na]
	at org.jboss.netty.bootstrap.ClientBootstrap.connect(ClientBootstrap.java:227) ~[na:na]
	at org.jboss.netty.bootstrap.ClientBootstrap.connect(ClientBootstrap.java:188) ~[na:na]
	at com.ning.http.client.providers.netty.NettyAsyncHttpProvider.doConnect(NettyAsyncHttpProvider.java:902) ~[na:na]
	... 12 common frames omitted
2014-03-01 20:38:38,153 [main] INFO  c.n.h.c.p.n.NettyAsyncHttpProvider - Number of application's worked threads is 16
2014-03-01 20:38:41,163 [pool-6-thread-1] INFO  c.n.h.c.p.n.NettyAsyncHttpProvider - Number of application's worked threads is 16
2014-03-04 18:18:29,482 [main] INFO  c.n.h.c.p.n.NettyAsyncHttpProvider - Number of application's worked threads is 16
2014-03-04 19:58:43,992 [main] INFO  c.n.h.c.p.n.NettyAsyncHttpProvider - Number of application's worked threads is 16
2014-03-05 18:31:38,508 [main] INFO  c.n.h.c.p.n.NettyAsyncHttpProvider - Number of application's worked threads is 16
2014-03-06 17:01:45,156 [main] INFO  c.n.h.c.p.n.NettyAsyncHttpProvider - Number of application's worked threads is 16
2014-03-15 11:52:13,045 [Worker-9] INFO  o.e.m.c.i.i.nexus.NexusIndexManager - Updating index for repository: central|http://repo.maven.apache.org/maven2
2014-03-15 11:52:13,620 [Worker-9] INFO  c.n.h.c.p.n.NettyAsyncHttpProvider - Number of application's worked threads is 16
2014-03-15 12:03:26,947 [Worker-9] INFO  o.e.m.c.i.i.nexus.NexusIndexManager - Updated index for repository: central|http://repo.maven.apache.org/maven2 in 673939 ms
2014-03-15 12:20:15,373 [main] INFO  c.n.h.c.p.n.NettyAsyncHttpProvider - Number of application's worked threads is 16
2014-03-15 12:20:16,443 [Recommenders-Dependency-Info-Service-0] ERROR o.e.r.u.a.ArchiveDetailsExtractor - Error while extracting name and version from file: D:\Development\Bukkit\DL\Bukkit API\BungeeCord.jar
java.lang.IllegalArgumentException: Unexpected delimiter '-'; Expected delimiters '.'
	at org.eclipse.recommenders.utils.Throws.throwIllegalArgumentException(Throws.java:25) ~[org.eclipse.recommenders.utils_1.0.5.v20130822-0858-b90.jar:na]
	at org.eclipse.recommenders.utils.parser.MavenVersionParser.consumeDelimiter(MavenVersionParser.java:78) ~[org.eclipse.recommenders.utils_1.0.5.v20130822-0858-b90.jar:na]
	at org.eclipse.recommenders.utils.parser.MavenVersionParser.parse(MavenVersionParser.java:45) ~[org.eclipse.recommenders.utils_1.0.5.v20130822-0858-b90.jar:na]
	at org.eclipse.recommenders.utils.archive.MavenPomJarIdExtractor.parseVersion(MavenPomJarIdExtractor.java:59) ~[org.eclipse.recommenders.utils_1.0.5.v20130822-0858-b90.jar:na]
	at org.eclipse.recommenders.utils.archive.MavenPomJarIdExtractor.extract(MavenPomJarIdExtractor.java:37) ~[org.eclipse.recommenders.utils_1.0.5.v20130822-0858-b90.jar:na]
	at org.eclipse.recommenders.utils.archive.MavenPomJarIdExtractor.extract(MavenPomJarIdExtractor.java:29) ~[org.eclipse.recommenders.utils_1.0.5.v20130822-0858-b90.jar:na]
	at org.eclipse.recommenders.utils.archive.ArchiveDetailsExtractor.extractJarIds(ArchiveDetailsExtractor.java:64) [org.eclipse.recommenders.utils_1.0.5.v20130822-0858-b90.jar:na]
	at org.eclipse.recommenders.utils.archive.ArchiveDetailsExtractor.extractName(ArchiveDetailsExtractor.java:105) [org.eclipse.recommenders.utils_1.0.5.v20130822-0858-b90.jar:na]
	at org.eclipse.recommenders.internal.rcp.providers.ClasspathEntryInfoProvider$3.run(ClasspathEntryInfoProvider.java:245) [org.eclipse.recommenders.rcp_1.0.5.v20130822-0858-b90.jar:na]
	at java.util.concurrent.Executors$RunnableAdapter.call(Unknown Source) [na:1.7.0_51]
	at java.util.concurrent.FutureTask.run(Unknown Source) [na:1.7.0_51]
	at java.util.concurrent.ThreadPoolExecutor.runWorker(Unknown Source) [na:1.7.0_51]
	at java.util.concurrent.ThreadPoolExecutor$Worker.run(Unknown Source) [na:1.7.0_51]
	at java.lang.Thread.run(Unknown Source) [na:1.7.0_51]
2014-03-17 20:25:29,530 [main] INFO  c.n.h.c.p.n.NettyAsyncHttpProvider - Number of application's worked threads is 16
2014-03-17 21:22:33,730 [main] INFO  c.n.h.c.p.n.NettyAsyncHttpProvider - Number of application's worked threads is 16
2014-03-17 22:01:33,425 [main] INFO  c.n.h.c.p.n.NettyAsyncHttpProvider - Number of application's worked threads is 16
2014-03-18 17:08:55,020 [main] INFO  c.n.h.c.p.n.NettyAsyncHttpProvider - Number of application's worked threads is 16
2014-03-18 19:10:18,266 [main] INFO  c.n.h.c.p.n.NettyAsyncHttpProvider - Number of application's worked threads is 16
2014-03-18 19:49:56,782 [main] INFO  c.n.h.c.p.n.NettyAsyncHttpProvider - Number of application's worked threads is 16
2014-03-19 13:33:27,009 [main] INFO  c.n.h.c.p.n.NettyAsyncHttpProvider - Number of application's worked threads is 16
2014-03-19 20:17:57,841 [main] INFO  c.n.h.c.p.n.NettyAsyncHttpProvider - Number of application's worked threads is 16
2014-03-22 14:49:44,312 [main] INFO  c.n.h.c.p.n.NettyAsyncHttpProvider - Number of application's worked threads is 16
2014-03-22 14:59:41,699 [Recommenders-Dependency-Info-Service-0] ERROR o.e.r.u.a.ArchiveDetailsExtractor - Error while extracting name and version from file: D:\Development\Bukkit\DL\Bukkit API\Multiverse-Core-2.5.jar
java.lang.IllegalArgumentException: Unexpected delimiter '-'; Expected delimiters '.'
	at org.eclipse.recommenders.utils.Throws.throwIllegalArgumentException(Throws.java:25) ~[org.eclipse.recommenders.utils_1.0.5.v20130822-0858-b90.jar:na]
	at org.eclipse.recommenders.utils.parser.MavenVersionParser.consumeDelimiter(MavenVersionParser.java:78) ~[org.eclipse.recommenders.utils_1.0.5.v20130822-0858-b90.jar:na]
	at org.eclipse.recommenders.utils.parser.MavenVersionParser.parse(MavenVersionParser.java:45) ~[org.eclipse.recommenders.utils_1.0.5.v20130822-0858-b90.jar:na]
	at org.eclipse.recommenders.utils.archive.MavenPomJarIdExtractor.parseVersion(MavenPomJarIdExtractor.java:59) ~[org.eclipse.recommenders.utils_1.0.5.v20130822-0858-b90.jar:na]
	at org.eclipse.recommenders.utils.archive.MavenPomJarIdExtractor.extract(MavenPomJarIdExtractor.java:37) ~[org.eclipse.recommenders.utils_1.0.5.v20130822-0858-b90.jar:na]
	at org.eclipse.recommenders.utils.archive.MavenPomJarIdExtractor.extract(MavenPomJarIdExtractor.java:29) ~[org.eclipse.recommenders.utils_1.0.5.v20130822-0858-b90.jar:na]
	at org.eclipse.recommenders.utils.archive.ArchiveDetailsExtractor.extractJarIds(ArchiveDetailsExtractor.java:64) [org.eclipse.recommenders.utils_1.0.5.v20130822-0858-b90.jar:na]
	at org.eclipse.recommenders.utils.archive.ArchiveDetailsExtractor.extractName(ArchiveDetailsExtractor.java:105) [org.eclipse.recommenders.utils_1.0.5.v20130822-0858-b90.jar:na]
	at org.eclipse.recommenders.internal.rcp.providers.ClasspathEntryInfoProvider$3.run(ClasspathEntryInfoProvider.java:245) [org.eclipse.recommenders.rcp_1.0.5.v20130822-0858-b90.jar:na]
	at java.util.concurrent.Executors$RunnableAdapter.call(Unknown Source) [na:1.7.0_51]
	at java.util.concurrent.FutureTask.run(Unknown Source) [na:1.7.0_51]
	at java.util.concurrent.ThreadPoolExecutor.runWorker(Unknown Source) [na:1.7.0_51]
	at java.util.concurrent.ThreadPoolExecutor$Worker.run(Unknown Source) [na:1.7.0_51]
	at java.lang.Thread.run(Unknown Source) [na:1.7.0_51]
2014-03-22 20:58:41,696 [main] INFO  c.n.h.c.p.n.NettyAsyncHttpProvider - Number of application's worked threads is 16
2014-03-23 16:43:36,927 [main] INFO  c.n.h.c.p.n.NettyAsyncHttpProvider - Number of application's worked threads is 16
2014-03-23 20:39:47,242 [main] INFO  c.n.h.c.p.n.NettyAsyncHttpProvider - Number of application's worked threads is 16
2014-03-24 17:04:37,179 [main] INFO  c.n.h.c.p.n.NettyAsyncHttpProvider - Number of application's worked threads is 16
2014-03-25 16:56:54,878 [main] INFO  c.n.h.c.p.n.NettyAsyncHttpProvider - Number of application's worked threads is 16
2014-03-26 18:16:14,052 [main] INFO  c.n.h.c.p.n.NettyAsyncHttpProvider - Number of application's worked threads is 16
2014-03-27 20:28:57,518 [main] INFO  c.n.h.c.p.n.NettyAsyncHttpProvider - Number of application's worked threads is 16
2014-04-02 18:51:01,648 [main] INFO  c.n.h.c.p.n.NettyAsyncHttpProvider - Number of application's worked threads is 16
2014-04-02 19:56:17,631 [main] INFO  c.n.h.c.p.n.NettyAsyncHttpProvider - Number of application's worked threads is 16
2014-04-03 17:50:54,565 [main] INFO  c.n.h.c.p.n.NettyAsyncHttpProvider - Number of application's worked threads is 16
2014-04-03 21:05:03,100 [main] INFO  c.n.h.c.p.n.NettyAsyncHttpProvider - Number of application's worked threads is 16
2014-04-04 15:24:12,880 [main] INFO  c.n.h.c.p.n.NettyAsyncHttpProvider - Number of application's worked threads is 16
2014-04-04 16:27:57,507 [main] INFO  c.n.h.c.p.n.NettyAsyncHttpProvider - Number of application's worked threads is 16
2014-04-08 18:52:05,142 [main] INFO  c.n.h.c.p.n.NettyAsyncHttpProvider - Number of application's worked threads is 16
2014-04-08 19:12:52,967 [main] INFO  c.n.h.c.p.n.NettyAsyncHttpProvider - Number of application's worked threads is 16
2014-04-09 15:24:08,933 [main] INFO  c.n.h.c.p.n.NettyAsyncHttpProvider - Number of application's worked threads is 16
2014-04-10 18:25:55,019 [main] INFO  c.n.h.c.p.n.NettyAsyncHttpProvider - Number of application's worked threads is 16
2014-04-10 20:59:36,637 [main] INFO  c.n.h.c.p.n.NettyAsyncHttpProvider - Number of application's worked threads is 16
2014-04-10 22:03:03,631 [main] INFO  c.n.h.c.p.n.NettyAsyncHttpProvider - Number of application's worked threads is 16
2014-04-10 22:47:10,076 [main] INFO  c.n.h.c.p.n.NettyAsyncHttpProvider - Number of application's worked threads is 16
2014-04-11 15:06:56,699 [main] INFO  c.n.h.c.p.n.NettyAsyncHttpProvider - Number of application's worked threads is 16
2014-04-14 13:49:55,972 [main] INFO  c.n.h.c.p.n.NettyAsyncHttpProvider - Number of application's worked threads is 16
2014-04-17 18:32:10,680 [main] INFO  c.n.h.c.p.n.NettyAsyncHttpProvider - Number of application's worked threads is 16
2014-04-17 18:32:11,792 [Worker-6] WARN  o.e.r.i.rcp.repo.ModelRepository - 'remote-models (http://download.eclipse.org/recommenders/models/kepler/, releases+snapshots)' did not send ETAG header for 'org.eclipse.recommenders:index:zip:0.0.0'.
2014-04-17 18:32:12,144 [pool-6-thread-1] INFO  c.n.h.c.p.n.NettyAsyncHttpProvider - Number of application's worked threads is 16
2014-04-17 18:32:12,180 [Worker-6] WARN  o.e.r.i.rcp.repo.ModelRepository - 'remote-models (http://download.eclipse.org/recommenders/models/kepler/, releases+snapshots)' did not send ETAG header for 'org.eclipse.recommenders:index:zip:0.0.0'.
2014-04-17 18:32:12,217 [Worker-6] WARN  o.e.r.i.r.repo.UpdateModelIndexJob - Updating index cancelled.
org.sonatype.aether.resolution.DependencyResolutionException: Could not transfer artifact org.eclipse.recommenders:index:zip:0.0.0 from/to remote-models (http://download.eclipse.org/recommenders/models/kepler/): Error transferring file: null to http://download.eclipse.org/recommenders/models/kepler/org/eclipse/recommenders/index/0.0.0/index-0.0.0.zip
	at org.sonatype.aether.impl.internal.DefaultRepositorySystem.resolveDependencies(DefaultRepositorySystem.java:375) ~[na:na]
	at org.eclipse.recommenders.internal.rcp.repo.ModelRepository.resolve(ModelRepository.java:226) ~[na:na]
	at org.eclipse.recommenders.internal.rcp.repo.UpdateModelIndexJob.downloadAndUnzipIndex(UpdateModelIndexJob.java:70) ~[na:na]
	at org.eclipse.recommenders.internal.rcp.repo.UpdateModelIndexJob.run(UpdateModelIndexJob.java:51) ~[na:na]
	at org.eclipse.core.internal.jobs.Worker.run(Worker.java:53) [org.eclipse.core.jobs_3.5.300.v20130429-1813.jar:na]
Caused by: org.sonatype.aether.resolution.ArtifactResolutionException: Could not transfer artifact org.eclipse.recommenders:index:zip:0.0.0 from/to remote-models (http://download.eclipse.org/recommenders/models/kepler/): Error transferring file: null to http://download.eclipse.org/recommenders/models/kepler/org/eclipse/recommenders/index/0.0.0/index-0.0.0.zip
	at org.sonatype.aether.impl.internal.DefaultArtifactResolver.resolve(DefaultArtifactResolver.java:538) ~[na:na]
	at org.sonatype.aether.impl.internal.DefaultArtifactResolver.resolveArtifacts(DefaultArtifactResolver.java:216) ~[na:na]
	at org.sonatype.aether.impl.internal.DefaultRepositorySystem.resolveDependencies(DefaultRepositorySystem.java:358) ~[na:na]
	... 4 common frames omitted
org.sonatype.aether.transfer.ArtifactTransferException: Could not transfer artifact org.eclipse.recommenders:index:zip:0.0.0 from/to remote-models (http://download.eclipse.org/recommenders/models/kepler/): Error transferring file: null to http://download.eclipse.org/recommenders/models/kepler/org/eclipse/recommenders/index/0.0.0/index-0.0.0.zip
	at org.sonatype.aether.connector.wagon.WagonRepositoryConnector$4.wrap(WagonRepositoryConnector.java:951) ~[na:na]
	at org.sonatype.aether.connector.wagon.WagonRepositoryConnector$4.wrap(WagonRepositoryConnector.java:941) ~[na:na]
	at org.sonatype.aether.connector.wagon.WagonRepositoryConnector$GetTask.run(WagonRepositoryConnector.java:669) ~[na:na]
	at org.sonatype.aether.util.concurrency.RunnableErrorForwarder$1.run(RunnableErrorForwarder.java:60) ~[na:na]
	at java.util.concurrent.ThreadPoolExecutor.runWorker(Unknown Source) ~[na:1.8.0]
	at java.util.concurrent.ThreadPoolExecutor$Worker.run(Unknown Source) ~[na:1.8.0]
	at java.lang.Thread.run(Unknown Source) ~[na:1.8.0]
Caused by: org.apache.maven.wagon.TransferFailedException: Error transferring file: null to http://download.eclipse.org/recommenders/models/kepler/org/eclipse/recommenders/index/0.0.0/index-0.0.0.zip
	at org.sonatype.maven.wagon.AhcWagon.fillInputData(AhcWagon.java:301) ~[na:na]
	at org.apache.maven.wagon.StreamWagon.getInputStream(StreamWagon.java:116) ~[na:na]
	at org.apache.maven.wagon.StreamWagon.getIfNewer(StreamWagon.java:88) ~[na:na]
	at org.apache.maven.wagon.StreamWagon.get(StreamWagon.java:61) ~[na:na]
	at org.sonatype.aether.connector.wagon.WagonRepositoryConnector$GetTask.run(WagonRepositoryConnector.java:601) ~[na:na]
	... 4 common frames omitted
Caused by: java.io.IOException: null to http://download.eclipse.org/recommenders/models/kepler/org/eclipse/recommenders/index/0.0.0/index-0.0.0.zip
	at org.sonatype.maven.wagon.AhcWagon.fillInputData(AhcWagon.java:270) ~[na:na]
	... 8 common frames omitted
Caused by: java.net.ConnectException: null to http://download.eclipse.org/recommenders/models/kepler/org/eclipse/recommenders/index/0.0.0/index-0.0.0.zip
	at com.ning.http.client.providers.netty.NettyConnectListener.operationComplete(NettyConnectListener.java:95) ~[na:na]
	at org.jboss.netty.channel.DefaultChannelFuture.notifyListener(DefaultChannelFuture.java:381) ~[na:na]
	at org.jboss.netty.channel.DefaultChannelFuture.addListener(DefaultChannelFuture.java:148) ~[na:na]
	at com.ning.http.client.providers.netty.NettyAsyncHttpProvider.doConnect(NettyAsyncHttpProvider.java:945) ~[na:na]
	at com.ning.http.client.providers.netty.NettyAsyncHttpProvider.execute(NettyAsyncHttpProvider.java:776) ~[na:na]
	at com.ning.http.client.AsyncHttpClient.executeRequest(AsyncHttpClient.java:484) ~[na:na]
	at com.ning.http.client.AsyncHttpClient$BoundRequestBuilder.execute(AsyncHttpClient.java:227) ~[na:na]
	at org.sonatype.maven.wagon.AhcWagon.fillInputData(AhcWagon.java:264) ~[na:na]
	... 8 common frames omitted
Caused by: java.nio.channels.UnresolvedAddressException: null
	at sun.nio.ch.Net.checkAddress(Unknown Source) ~[na:1.8.0]
	at sun.nio.ch.SocketChannelImpl.connect(Unknown Source) ~[na:1.8.0]
	at org.jboss.netty.channel.socket.nio.NioClientSocketPipelineSink.connect(NioClientSocketPipelineSink.java:140) ~[na:na]
	at org.jboss.netty.channel.socket.nio.NioClientSocketPipelineSink.eventSunk(NioClientSocketPipelineSink.java:103) ~[na:na]
	at org.jboss.netty.handler.codec.oneone.OneToOneEncoder.handleDownstream(OneToOneEncoder.java:60) ~[na:na]
	at org.jboss.netty.handler.codec.http.HttpClientCodec.handleDownstream(HttpClientCodec.java:82) ~[na:na]
	at org.jboss.netty.handler.stream.ChunkedWriteHandler.handleDownstream(ChunkedWriteHandler.java:115) ~[na:na]
	at org.jboss.netty.channel.Channels.connect(Channels.java:541) ~[na:na]
	at org.jboss.netty.channel.AbstractChannel.connect(AbstractChannel.java:210) ~[na:na]
	at org.jboss.netty.bootstrap.ClientBootstrap.connect(ClientBootstrap.java:227) ~[na:na]
	at org.jboss.netty.bootstrap.ClientBootstrap.connect(ClientBootstrap.java:188) ~[na:na]
	at com.ning.http.client.providers.netty.NettyAsyncHttpProvider.doConnect(NettyAsyncHttpProvider.java:902) ~[na:na]
	... 12 common frames omitted
2014-04-17 19:15:04,754 [main] INFO  c.n.h.c.p.n.NettyAsyncHttpProvider - Number of application's worked threads is 16
2014-04-17 19:15:07,172 [pool-6-thread-1] INFO  c.n.h.c.p.n.NettyAsyncHttpProvider - Number of application's worked threads is 16
2014-04-17 20:49:23,406 [main] INFO  c.n.h.c.p.n.NettyAsyncHttpProvider - Number of application's worked threads is 16
2014-04-17 20:59:02,752 [main] INFO  c.n.h.c.p.n.NettyAsyncHttpProvider - Number of application's worked threads is 16
2014-04-17 22:32:34,447 [main] INFO  c.n.h.c.p.n.NettyAsyncHttpProvider - Number of application's worked threads is 16
2014-04-17 22:38:54,435 [main] INFO  c.n.h.c.p.n.NettyAsyncHttpProvider - Number of application's worked threads is 16
2014-04-19 16:47:54,436 [main] INFO  c.n.h.c.p.n.NettyAsyncHttpProvider - Number of application's worked threads is 16
2014-04-20 14:46:05,885 [main] INFO  c.n.h.c.p.n.NettyAsyncHttpProvider - Number of application's worked threads is 16
2014-04-20 17:37:06,586 [main] INFO  c.n.h.c.p.n.NettyAsyncHttpProvider - Number of application's worked threads is 16
2014-04-20 20:29:27,835 [main] INFO  c.n.h.c.p.n.NettyAsyncHttpProvider - Number of application's worked threads is 16
2014-04-21 15:42:17,920 [main] INFO  c.n.h.c.p.n.NettyAsyncHttpProvider - Number of application's worked threads is 16
2014-04-22 08:33:15,214 [main] INFO  c.n.h.c.p.n.NettyAsyncHttpProvider - Number of application's worked threads is 16
2014-04-23 14:06:51,647 [main] INFO  c.n.h.c.p.n.NettyAsyncHttpProvider - Number of application's worked threads is 16
2014-04-23 19:25:35,221 [main] INFO  c.n.h.c.p.n.NettyAsyncHttpProvider - Number of application's worked threads is 16
2014-04-23 20:32:21,403 [main] INFO  c.n.h.c.p.n.NettyAsyncHttpProvider - Number of application's worked threads is 16
2014-04-24 09:24:28,397 [main] INFO  c.n.h.c.p.n.NettyAsyncHttpProvider - Number of application's worked threads is 16
2014-04-24 09:58:55,336 [main] INFO  c.n.h.c.p.n.NettyAsyncHttpProvider - Number of application's worked threads is 16
2014-05-07 15:20:21,539 [main] INFO  c.n.h.c.p.n.NettyAsyncHttpProvider - Number of application's worked threads is 16
2014-05-08 22:08:09,464 [main] INFO  c.n.h.c.p.n.NettyAsyncHttpProvider - Number of application's worked threads is 16
2014-05-08 23:17:32,905 [main] INFO  c.n.h.c.p.n.NettyAsyncHttpProvider - Number of application's worked threads is 16
2014-05-09 08:23:45,863 [main] INFO  c.n.h.c.p.n.NettyAsyncHttpProvider - Number of application's worked threads is 16
2014-05-09 09:11:57,507 [main] INFO  c.n.h.c.p.n.NettyAsyncHttpProvider - Number of application's worked threads is 16
2014-05-10 19:51:44,677 [main] INFO  c.n.h.c.p.n.NettyAsyncHttpProvider - Number of application's worked threads is 16
2014-05-16 19:22:57,465 [main] INFO  c.n.h.c.p.n.NettyAsyncHttpProvider - Number of application's worked threads is 16
2014-05-18 20:47:55,084 [main] INFO  c.n.h.c.p.n.NettyAsyncHttpProvider - Number of application's worked threads is 16
2014-05-18 21:10:29,236 [main] INFO  c.n.h.c.p.n.NettyAsyncHttpProvider - Number of application's worked threads is 16
2014-05-19 11:02:35,132 [main] INFO  c.n.h.c.p.n.NettyAsyncHttpProvider - Number of application's worked threads is 16
2014-05-19 16:35:16,825 [main] INFO  c.n.h.c.p.n.NettyAsyncHttpProvider - Number of application's worked threads is 16
2014-05-19 21:42:59,608 [main] INFO  c.n.h.c.p.n.NettyAsyncHttpProvider - Number of application's worked threads is 16
2014-06-02 13:00:42,642 [main] INFO  c.n.h.c.p.n.NettyAsyncHttpProvider - Number of application's worked threads is 16
2014-06-02 13:35:34,856 [main] INFO  c.n.h.c.p.n.NettyAsyncHttpProvider - Number of application's worked threads is 16
2014-06-09 12:27:07,215 [main] INFO  c.n.h.c.p.n.NettyAsyncHttpProvider - Number of application's worked threads is 16
2014-06-09 20:58:41,860 [main] INFO  c.n.h.c.p.n.NettyAsyncHttpProvider - Number of application's worked threads is 16
2014-06-10 15:40:43,537 [main] INFO  c.n.h.c.p.n.NettyAsyncHttpProvider - Number of application's worked threads is 16
2014-07-01 14:04:02,109 [main] INFO  c.n.h.c.p.n.NettyAsyncHttpProvider - Number of application's worked threads is 16
2014-07-04 20:15:47,262 [main] INFO  c.n.h.c.p.n.NettyAsyncHttpProvider - Number of application's worked threads is 16
2014-07-05 18:02:49,664 [main] INFO  c.n.h.c.p.n.NettyAsyncHttpProvider - Number of application's worked threads is 16
2014-07-06 00:10:41,114 [main] INFO  c.n.h.c.p.n.NettyAsyncHttpProvider - Number of application's worked threads is 16
2014-07-11 18:27:30,005 [main] INFO  c.n.h.c.p.n.NettyAsyncHttpProvider - Number of application's worked threads is 16
2014-07-11 23:29:22,312 [main] INFO  c.n.h.c.p.n.NettyAsyncHttpProvider - Number of application's worked threads is 16
2014-07-19 02:10:56,038 [main] INFO  c.n.h.c.p.n.NettyAsyncHttpProvider - Number of application's worked threads is 16
2014-07-24 20:57:28,131 [main] INFO  c.n.h.c.p.n.NettyAsyncHttpProvider - Number of application's worked threads is 16
2014-07-24 21:44:19,054 [main] INFO  c.n.h.c.p.n.NettyAsyncHttpProvider - Number of application's worked threads is 16
2014-07-24 22:03:33,929 [main] INFO  c.n.h.c.p.n.NettyAsyncHttpProvider - Number of application's worked threads is 16
2014-08-17 13:11:04,639 [main] INFO  c.n.h.c.p.n.NettyAsyncHttpProvider - Number of application's worked threads is 16
2014-08-17 13:58:02,462 [main] INFO  c.n.h.c.p.n.NettyAsyncHttpProvider - Number of application's worked threads is 16
2014-08-18 18:27:55,491 [main] INFO  c.n.h.c.p.n.NettyAsyncHttpProvider - Number of application's worked threads is 16
2014-08-18 18:29:54,298 [main] INFO  c.n.h.c.p.n.NettyAsyncHttpProvider - Number of application's worked threads is 16
2014-08-18 19:50:05,455 [main] INFO  c.n.h.c.p.n.NettyAsyncHttpProvider - Number of application's worked threads is 16
2014-08-24 21:03:38,681 [main] INFO  c.n.h.c.p.n.NettyAsyncHttpProvider - Number of application's worked threads is 16
